Pig Stack Trace
---------------
ERROR 1003: Unable to find an operator for alias Movies

org.apache.pig.impl.logicalLayer.FrontendException: ERROR 1003: Unable to find an operator for alias Movies
	at org.apache.pig.PigServer$Graph.buildPlan(PigServer.java:1585)
	at org.apache.pig.PigServer.storeEx(PigServer.java:1070)
	at org.apache.pig.PigServer.store(PigServer.java:1038)
	at org.apache.pig.PigServer.openIterator(PigServer.java:951)
	at org.apache.pig.tools.grunt.GruntParser.processDump(GruntParser.java:754)
	at org.apache.pig.tools.pigscript.parser.PigScriptParser.parse(PigScriptParser.java:376)
	at org.apache.pig.tools.grunt.GruntParser.parseStopOnError(GruntParser.java:230)
	at org.apache.pig.tools.grunt.GruntParser.parseStopOnError(GruntParser.java:205)
	at org.apache.pig.tools.grunt.Grunt.run(Grunt.java:66)
	at org.apache.pig.Main.run(Main.java:565)
	at org.apache.pig.Main.main(Main.java:177)
	at sun.reflect.NativeMethodAccessorImpl.invoke0(Native Method)
	at sun.reflect.NativeMethodAccessorImpl.invoke(NativeMethodAccessorImpl.java:62)
	at sun.reflect.DelegatingMethodAccessorImpl.invoke(DelegatingMethodAccessorImpl.java:43)
	at java.lang.reflect.Method.invoke(Method.java:497)
	at org.apache.hadoop.util.RunJar.run(RunJar.java:221)
	at org.apache.hadoop.util.RunJar.main(RunJar.java:136)
================================================================================
